Analysis & Synthesis report for demo_WALK
Mon Jun 27 16:56:57 2016
Quartus II 64-Bit Version 13.0.1 Build 232 06/12/2013 Service Pack 1 SJ Web Edition


---------------------
; Table of Contents ;
---------------------
  1. Legal Notice
  2. Analysis & Synthesis Summary
  3. Analysis & Synthesis Settings
  4. Parallel Compilation
  5. Analysis & Synthesis Source Files Read
  6. Analysis & Synthesis Resource Usage Summary
  7. Analysis & Synthesis Resource Utilization by Entity
  8. General Register Statistics
  9. Parameter Settings for User Entity Instance: Top-level Entity: |demo_WALK
 10. Parameter Settings for User Entity Instance: WALK:walk1
 11. Port Connectivity Checks: "WALK:walk1"
 12. Elapsed Time Per Partition
 13. Analysis & Synthesis Messages



----------------
; Legal Notice ;
----------------
Copyright (C) 1991-2013 Altera Corporation
Your use of Altera Corporation's design tools, logic functions 
and other software and tools, and its AMPP partner logic 
functions, and any output files from any of the foregoing 
(including device programming or simulation files), and any 
associated documentation or information are expressly subject 
to the terms and conditions of the Altera Program License 
Subscription Agreement, Altera MegaCore Function License 
Agreement, or other applicable license agreement, including, 
without limitation, that your use is for the sole purpose of 
programming logic devices manufactured by Altera and sold by 
Altera or its authorized distributors.  Please refer to the 
applicable agreement for further details.



+--------------------------------------------------------------------------------------+
; Analysis & Synthesis Summary                                                         ;
+------------------------------------+-------------------------------------------------+
; Analysis & Synthesis Status        ; Successful - Mon Jun 27 16:56:57 2016           ;
; Quartus II 64-Bit Version          ; 13.0.1 Build 232 06/12/2013 SP 1 SJ Web Edition ;
; Revision Name                      ; demo_WALK                                       ;
; Top-level Entity Name              ; demo_WALK                                       ;
; Family                             ; Cyclone II                                      ;
; Total logic elements               ; 0                                               ;
;     Total combinational functions  ; 0                                               ;
;     Dedicated logic registers      ; 0                                               ;
; Total registers                    ; 0                                               ;
; Total pins                         ; 12                                              ;
; Total virtual pins                 ; 0                                               ;
; Total memory bits                  ; 0                                               ;
; Embedded Multiplier 9-bit elements ; 0                                               ;
; Total PLLs                         ; 0                                               ;
+------------------------------------+-------------------------------------------------+


+----------------------------------------------------------------------------------------------------------------------+
; Analysis & Synthesis Settings                                                                                        ;
+----------------------------------------------------------------------------+--------------------+--------------------+
; Option                                                                     ; Setting            ; Default Value      ;
+----------------------------------------------------------------------------+--------------------+--------------------+
; Device                                                                     ; EP2C20F484C7       ;                    ;
; Top-level entity name                                                      ; demo_WALK          ; demo_WALK          ;
; Family name                                                                ; Cyclone II         ; Cyclone IV GX      ;
; Use smart compilation                                                      ; Off                ; Off                ;
; Enable parallel Assembler and TimeQuest Timing Analyzer during compilation ; On                 ; On                 ;
; Enable compact report table                                                ; Off                ; Off                ;
; Restructure Multiplexers                                                   ; Auto               ; Auto               ;
; Create Debugging Nodes for IP Cores                                        ; Off                ; Off                ;
; Preserve fewer node names                                                  ; On                 ; On                 ;
; Disable OpenCore Plus hardware evaluation                                  ; Off                ; Off                ;
; Verilog Version                                                            ; Verilog_2001       ; Verilog_2001       ;
; VHDL Version                                                               ; VHDL_1993          ; VHDL_1993          ;
; State Machine Processing                                                   ; Auto               ; Auto               ;
; Safe State Machine                                                         ; Off                ; Off                ;
; Extract Verilog State Machines                                             ; On                 ; On                 ;
; Extract VHDL State Machines                                                ; On                 ; On                 ;
; Ignore Verilog initial constructs                                          ; Off                ; Off                ;
; Iteration limit for constant Verilog loops                                 ; 5000               ; 5000               ;
; Iteration limit for non-constant Verilog loops                             ; 250                ; 250                ;
; Add Pass-Through Logic to Inferred RAMs                                    ; On                 ; On                 ;
; Infer RAMs from Raw Logic                                                  ; On                 ; On                 ;
; Parallel Synthesis                                                         ; On                 ; On                 ;
; DSP Block Balancing                                                        ; Auto               ; Auto               ;
; NOT Gate Push-Back                                                         ; On                 ; On                 ;
; Power-Up Don't Care                                                        ; On                 ; On                 ;
; Remove Redundant Logic Cells                                               ; Off                ; Off                ;
; Remove Duplicate Registers                                                 ; On                 ; On                 ;
; Ignore CARRY Buffers                                                       ; Off                ; Off                ;
; Ignore CASCADE Buffers                                                     ; Off                ; Off                ;
; Ignore GLOBAL Buffers                                                      ; Off                ; Off                ;
; Ignore ROW GLOBAL Buffers                                                  ; Off                ; Off                ;
; Ignore LCELL Buffers                                                       ; Off                ; Off                ;
; Ignore SOFT Buffers                                                        ; On                 ; On                 ;
; Limit AHDL Integers to 32 Bits                                             ; Off                ; Off                ;
; Optimization Technique                                                     ; Balanced           ; Balanced           ;
; Carry Chain Length                                                         ; 70                 ; 70                 ;
; Auto Carry Chains                                                          ; On                 ; On                 ;
; Auto Open-Drain Pins                                                       ; On                 ; On                 ;
; Perform WYSIWYG Primitive Resynthesis                                      ; Off                ; Off                ;
; Auto ROM Replacement                                                       ; On                 ; On                 ;
; Auto RAM Replacement                                                       ; On                 ; On                 ;
; Auto Shift Register Replacement                                            ; Auto               ; Auto               ;
; Allow Shift Register Merging across Hierarchies                            ; Auto               ; Auto               ;
; Auto Clock Enable Replacement                                              ; On                 ; On                 ;
; Strict RAM Replacement                                                     ; Off                ; Off                ;
; Allow Synchronous Control Signals                                          ; On                 ; On                 ;
; Force Use of Synchronous Clear Signals                                     ; Off                ; Off                ;
; Auto RAM to Logic Cell Conversion                                          ; Off                ; Off                ;
; Auto Resource Sharing                                                      ; Off                ; Off                ;
; Allow Any RAM Size For Recognition                                         ; Off                ; Off                ;
; Allow Any ROM Size For Recognition                                         ; Off                ; Off                ;
; Allow Any Shift Register Size For Recognition                              ; Off                ; Off                ;
; Use LogicLock Constraints during Resource Balancing                        ; On                 ; On                 ;
; Ignore translate_off and synthesis_off directives                          ; Off                ; Off                ;
; Timing-Driven Synthesis                                                    ; Off                ; Off                ;
; Report Parameter Settings                                                  ; On                 ; On                 ;
; Report Source Assignments                                                  ; On                 ; On                 ;
; Report Connectivity Checks                                                 ; On                 ; On                 ;
; Ignore Maximum Fan-Out Assignments                                         ; Off                ; Off                ;
; Synchronization Register Chain Length                                      ; 2                  ; 2                  ;
; PowerPlay Power Optimization                                               ; Normal compilation ; Normal compilation ;
; HDL message level                                                          ; Level2             ; Level2             ;
; Suppress Register Optimization Related Messages                            ; Off                ; Off                ;
; Number of Removed Registers Reported in Synthesis Report                   ; 5000               ; 5000               ;
; Number of Swept Nodes Reported in Synthesis Report                         ; 5000               ; 5000               ;
; Number of Inverted Registers Reported in Synthesis Report                  ; 100                ; 100                ;
; Clock MUX Protection                                                       ; On                 ; On                 ;
; Auto Gated Clock Conversion                                                ; Off                ; Off                ;
; Block Design Naming                                                        ; Auto               ; Auto               ;
; SDC constraint protection                                                  ; Off                ; Off                ;
; Synthesis Effort                                                           ; Auto               ; Auto               ;
; Shift Register Replacement - Allow Asynchronous Clear Signal               ; On                 ; On                 ;
; Pre-Mapping Resynthesis Optimization                                       ; Off                ; Off                ;
; Analysis & Synthesis Message Level                                         ; Medium             ; Medium             ;
; Disable Register Merging Across Hierarchies                                ; Auto               ; Auto               ;
; Resource Aware Inference For Block RAM                                     ; On                 ; On                 ;
; Synthesis Seed                                                             ; 1                  ; 1                  ;
+----------------------------------------------------------------------------+--------------------+--------------------+


Parallel compilation was disabled, but you have multiple processors available. Enable parallel compilation to reduce compilation time.
+-------------------------------------+
; Parallel Compilation                ;
+----------------------------+--------+
; Processors                 ; Number ;
+----------------------------+--------+
; Number detected on machine ; 8      ;
; Maximum allowed            ; 1      ;
+----------------------------+--------+


+------------------------------------------------------------------------------------------------------------------------------------------------------------------+
; Analysis & Synthesis Source Files Read                                                                                                                           ;
+----------------------------------+-----------------+-----------------------+---------------------------------------------------------------------------+---------+
; File Name with User-Entered Path ; Used in Netlist ; File Type             ; File Name with Absolute Path                                              ; Library ;
+----------------------------------+-----------------+-----------------------+---------------------------------------------------------------------------+---------+
; ../src/snake_lib/snake_pack.vhd  ; yes             ; User VHDL File        ; /home/laurocruz/Documents/MC613/snakes_vhdl2/src/snake_lib/snake_pack.vhd ;         ;
; demo_WALK.vhd                    ; yes             ; User VHDL File        ; /home/laurocruz/Documents/MC613/snakes_vhdl2/demo_WALK/demo_WALK.vhd      ;         ;
; WALK.vhd                         ; yes             ; Auto-Found VHDL File  ; /home/laurocruz/Documents/MC613/snakes_vhdl2/src/snake_lib/WALK.vhd       ;         ;
+----------------------------------+-----------------+-----------------------+---------------------------------------------------------------------------+---------+


+-----------------------------------------------------+
; Analysis & Synthesis Resource Usage Summary         ;
+---------------------------------------------+-------+
; Resource                                    ; Usage ;
+---------------------------------------------+-------+
;                                             ;       ;
; Total combinational functions               ; 0     ;
; Logic element usage by number of LUT inputs ;       ;
;     -- 4 input functions                    ; 0     ;
;     -- 3 input functions                    ; 0     ;
;     -- <=2 input functions                  ; 0     ;
;                                             ;       ;
; Logic elements by mode                      ;       ;
;     -- normal mode                          ; 0     ;
;     -- arithmetic mode                      ; 0     ;
;                                             ;       ;
; Total registers                             ; 0     ;
;     -- Dedicated logic registers            ; 0     ;
;     -- I/O registers                        ; 0     ;
;                                             ;       ;
; I/O pins                                    ; 12    ;
; Embedded Multiplier 9-bit elements          ; 0     ;
+---------------------------------------------+-------+


+-----------------------------------------------------------------------------------------------------------------------------------------------------------------------------+
; Analysis & Synthesis Resource Utilization by Entity                                                                                                                         ;
+----------------------------+-------------------+--------------+-------------+--------------+---------+-----------+------+--------------+---------------------+--------------+
; Compilation Hierarchy Node ; LC Combinationals ; LC Registers ; Memory Bits ; DSP Elements ; DSP 9x9 ; DSP 18x18 ; Pins ; Virtual Pins ; Full Hierarchy Name ; Library Name ;
+----------------------------+-------------------+--------------+-------------+--------------+---------+-----------+------+--------------+---------------------+--------------+
; |demo_WALK                 ; 0 (0)             ; 0 (0)        ; 0           ; 0            ; 0       ; 0         ; 12   ; 0            ; |demo_WALK          ; work         ;
+----------------------------+-------------------+--------------+-------------+--------------+---------+-----------+------+--------------+---------------------+--------------+
Note: For table entries with two numbers listed, the numbers in parentheses indicate the number of resources of the given type used by the specific entity alone. The numbers listed outside of parentheses indicate the total resources of the given type used by the specific entity and all of its sub-entities in the hierarchy.


+------------------------------------------------------+
; General Register Statistics                          ;
+----------------------------------------------+-------+
; Statistic                                    ; Value ;
+----------------------------------------------+-------+
; Total registers                              ; 0     ;
; Number of registers using Synchronous Clear  ; 0     ;
; Number of registers using Synchronous Load   ; 0     ;
; Number of registers using Asynchronous Clear ; 0     ;
; Number of registers using Asynchronous Load  ; 0     ;
; Number of registers using Clock Enable       ; 0     ;
; Number of registers using Preset             ; 0     ;
+----------------------------------------------+-------+


+---------------------------------------------------------------------------+
; Parameter Settings for User Entity Instance: Top-level Entity: |demo_WALK ;
+----------------+-------+--------------------------------------------------+
; Parameter Name ; Value ; Type                                             ;
+----------------+-------+--------------------------------------------------+
; N              ; 10    ; Signed Integer                                   ;
; M              ; 10    ; Signed Integer                                   ;
; INITIAL_SIZE   ; 2     ; Signed Integer                                   ;
+----------------+-------+--------------------------------------------------+
Note: In order to hide this table in the UI and the text report file, please set the "Show Parameter Settings in Synthesis Report" option in "Analysis and Synthesis Settings -> More Settings" to "Off".


+---------------------------------------------------------+
; Parameter Settings for User Entity Instance: WALK:walk1 ;
+----------------+-------+--------------------------------+
; Parameter Name ; Value ; Type                           ;
+----------------+-------+--------------------------------+
; n              ; 10    ; Signed Integer                 ;
; m              ; 10    ; Signed Integer                 ;
; initial_size   ; 2     ; Signed Integer                 ;
+----------------+-------+--------------------------------+
Note: In order to hide this table in the UI and the text report file, please set the "Show Parameter Settings in Synthesis Report" option in "Analysis and Synthesis Settings -> More Settings" to "Off".


+----------------------------------------------------------------------------------------------------------------------+
; Port Connectivity Checks: "WALK:walk1"                                                                               ;
+------------+--------+----------+-------------------------------------------------------------------------------------+
; Port       ; Type   ; Severity ; Details                                                                             ;
+------------+--------+----------+-------------------------------------------------------------------------------------+
; snake_body ; Output ; Info     ; Connected to dangling logic. Logic that only feeds a dangling port will be removed. ;
+------------+--------+----------+-------------------------------------------------------------------------------------+


+-------------------------------+
; Elapsed Time Per Partition    ;
+----------------+--------------+
; Partition Name ; Elapsed Time ;
+----------------+--------------+
; Top            ; 00:00:00     ;
+----------------+--------------+


+-------------------------------+
; Analysis & Synthesis Messages ;
+-------------------------------+
Info: *******************************************************************
Info: Running Quartus II 64-Bit Analysis & Synthesis
    Info: Version 13.0.1 Build 232 06/12/2013 Service Pack 1 SJ Web Edition
    Info: Processing started: Mon Jun 27 16:56:55 2016
Info: Command: quartus_map --read_settings_files=on --write_settings_files=off demo_WALK -c demo_WALK
Warning (20028): Parallel compilation is not licensed and has been disabled
Info (12021): Found 1 design units, including 0 entities, in source file /home/laurocruz/Documents/MC613/snakes_vhdl2/src/snake_lib/snake_pack.vhd
    Info (12022): Found design unit 1: snake_pack
Info (12021): Found 2 design units, including 1 entities, in source file demo_WALK.vhd
    Info (12022): Found design unit 1: demo_WALK-Behavior
    Info (12023): Found entity 1: demo_WALK
Info (12127): Elaborating entity "demo_WALK" for the top level hierarchy
Warning (10036): Verilog HDL or VHDL warning at demo_WALK.vhd(23): object "snake_body" assigned a value but never read
Warning (12125): Using design file /home/laurocruz/Documents/MC613/snakes_vhdl2/src/snake_lib/WALK.vhd, which is not specified as a design file for the current project, but contains definitions for 2 design units and 1 entities in project
    Info (12022): Found design unit 1: WALK-Behavior
    Info (12023): Found entity 1: WALK
Info (12128): Elaborating entity "WALK" for hierarchy "WALK:walk1"
Warning (10492): VHDL Process Statement warning at WALK.vhd(47): signal "snake" is read inside the Process Statement but isn't in the Process Statement's sensitivity list
Warning (10492): VHDL Process Statement warning at WALK.vhd(47): signal "snake_size" is read inside the Process Statement but isn't in the Process Statement's sensitivity list
Warning (10492): VHDL Process Statement warning at WALK.vhd(48): signal "snake" is read inside the Process Statement but isn't in the Process Statement's sensitivity list
Warning (10492): VHDL Process Statement warning at WALK.vhd(48): signal "snake_size" is read inside the Process Statement but isn't in the Process Statement's sensitivity list
Warning (10492): VHDL Process Statement warning at WALK.vhd(53): signal "snake" is read inside the Process Statement but isn't in the Process Statement's sensitivity list
Warning (10492): VHDL Process Statement warning at WALK.vhd(54): signal "snake" is read inside the Process Statement but isn't in the Process Statement's sensitivity list
Warning (10492): VHDL Process Statement warning at WALK.vhd(59): signal "snake" is read inside the Process Statement but isn't in the Process Statement's sensitivity list
Warning (10492): VHDL Process Statement warning at WALK.vhd(61): signal "snake" is read inside the Process Statement but isn't in the Process Statement's sensitivity list
Warning (10492): VHDL Process Statement warning at WALK.vhd(63): signal "snake" is read inside the Process Statement but isn't in the Process Statement's sensitivity list
Warning (10492): VHDL Process Statement warning at WALK.vhd(65): signal "snake" is read inside the Process Statement but isn't in the Process Statement's sensitivity list
Warning (10631): VHDL Process Statement warning at WALK.vhd(32): inferring latch(es) for signal or variable "snake", which holds its previous value in one or more paths through the process
Info (10041): Inferred latch for "snake[50][0]" at WALK.vhd(32)
Info (10041): Inferred latch for "snake[50][1]" at WALK.vhd(32)
Info (10041): Inferred latch for "snake[50][2]" at WALK.vhd(32)
Info (10041): Inferred latch for "snake[50][3]" at WALK.vhd(32)
Info (10041): Inferred latch for "snake[50][4]" at WALK.vhd(32)
Info (10041): Inferred latch for "snake[50][5]" at WALK.vhd(32)
Info (10041): Inferred latch for "snake[50][6]" at WALK.vhd(32)
Info (10041): Inferred latch for "snake[50][7]" at WALK.vhd(32)
Info (10041): Inferred latch for "snake[49][0]" at WALK.vhd(32)
Info (10041): Inferred latch for "snake[49][1]" at WALK.vhd(32)
Info (10041): Inferred latch for "snake[49][2]" at WALK.vhd(32)
Info (10041): Inferred latch for "snake[49][3]" at WALK.vhd(32)
Info (10041): Inferred latch for "snake[49][4]" at WALK.vhd(32)
Info (10041): Inferred latch for "snake[49][5]" at WALK.vhd(32)
Info (10041): Inferred latch for "snake[49][6]" at WALK.vhd(32)
Info (10041): Inferred latch for "snake[49][7]" at WALK.vhd(32)
Info (10041): Inferred latch for "snake[48][0]" at WALK.vhd(32)
Info (10041): Inferred latch for "snake[48][1]" at WALK.vhd(32)
Info (10041): Inferred latch for "snake[48][2]" at WALK.vhd(32)
Info (10041): Inferred latch for "snake[48][3]" at WALK.vhd(32)
Info (10041): Inferred latch for "snake[48][4]" at WALK.vhd(32)
Info (10041): Inferred latch for "snake[48][5]" at WALK.vhd(32)
Info (10041): Inferred latch for "snake[48][6]" at WALK.vhd(32)
Info (10041): Inferred latch for "snake[48][7]" at WALK.vhd(32)
Info (10041): Inferred latch for "snake[47][0]" at WALK.vhd(32)
Info (10041): Inferred latch for "snake[47][1]" at WALK.vhd(32)
Info (10041): Inferred latch for "snake[47][2]" at WALK.vhd(32)
Info (10041): Inferred latch for "snake[47][3]" at WALK.vhd(32)
Info (10041): Inferred latch for "snake[47][4]" at WALK.vhd(32)
Info (10041): Inferred latch for "snake[47][5]" at WALK.vhd(32)
Info (10041): Inferred latch for "snake[47][6]" at WALK.vhd(32)
Info (10041): Inferred latch for "snake[47][7]" at WALK.vhd(32)
Info (10041): Inferred latch for "snake[46][0]" at WALK.vhd(32)
Info (10041): Inferred latch for "snake[46][1]" at WALK.vhd(32)
Info (10041): Inferred latch for "snake[46][2]" at WALK.vhd(32)
Info (10041): Inferred latch for "snake[46][3]" at WALK.vhd(32)
Info (10041): Inferred latch for "snake[46][4]" at WALK.vhd(32)
Info (10041): Inferred latch for "snake[46][5]" at WALK.vhd(32)
Info (10041): Inferred latch for "snake[46][6]" at WALK.vhd(32)
Info (10041): Inferred latch for "snake[46][7]" at WALK.vhd(32)
Info (10041): Inferred latch for "snake[45][0]" at WALK.vhd(32)
Info (10041): Inferred latch for "snake[45][1]" at WALK.vhd(32)
Info (10041): Inferred latch for "snake[45][2]" at WALK.vhd(32)
Info (10041): Inferred latch for "snake[45][3]" at WALK.vhd(32)
Info (10041): Inferred latch for "snake[45][4]" at WALK.vhd(32)
Info (10041): Inferred latch for "snake[45][5]" at WALK.vhd(32)
Info (10041): Inferred latch for "snake[45][6]" at WALK.vhd(32)
Info (10041): Inferred latch for "snake[45][7]" at WALK.vhd(32)
Info (10041): Inferred latch for "snake[44][0]" at WALK.vhd(32)
Info (10041): Inferred latch for "snake[44][1]" at WALK.vhd(32)
Info (10041): Inferred latch for "snake[44][2]" at WALK.vhd(32)
Info (10041): Inferred latch for "snake[44][3]" at WALK.vhd(32)
Info (10041): Inferred latch for "snake[44][4]" at WALK.vhd(32)
Info (10041): Inferred latch for "snake[44][5]" at WALK.vhd(32)
Info (10041): Inferred latch for "snake[44][6]" at WALK.vhd(32)
Info (10041): Inferred latch for "snake[44][7]" at WALK.vhd(32)
Info (10041): Inferred latch for "snake[43][0]" at WALK.vhd(32)
Info (10041): Inferred latch for "snake[43][1]" at WALK.vhd(32)
Info (10041): Inferred latch for "snake[43][2]" at WALK.vhd(32)
Info (10041): Inferred latch for "snake[43][3]" at WALK.vhd(32)
Info (10041): Inferred latch for "snake[43][4]" at WALK.vhd(32)
Info (10041): Inferred latch for "snake[43][5]" at WALK.vhd(32)
Info (10041): Inferred latch for "snake[43][6]" at WALK.vhd(32)
Info (10041): Inferred latch for "snake[43][7]" at WALK.vhd(32)
Info (10041): Inferred latch for "snake[42][0]" at WALK.vhd(32)
Info (10041): Inferred latch for "snake[42][1]" at WALK.vhd(32)
Info (10041): Inferred latch for "snake[42][2]" at WALK.vhd(32)
Info (10041): Inferred latch for "snake[42][3]" at WALK.vhd(32)
Info (10041): Inferred latch for "snake[42][4]" at WALK.vhd(32)
Info (10041): Inferred latch for "snake[42][5]" at WALK.vhd(32)
Info (10041): Inferred latch for "snake[42][6]" at WALK.vhd(32)
Info (10041): Inferred latch for "snake[42][7]" at WALK.vhd(32)
Info (10041): Inferred latch for "snake[41][0]" at WALK.vhd(32)
Info (10041): Inferred latch for "snake[41][1]" at WALK.vhd(32)
Info (10041): Inferred latch for "snake[41][2]" at WALK.vhd(32)
Info (10041): Inferred latch for "snake[41][3]" at WALK.vhd(32)
Info (10041): Inferred latch for "snake[41][4]" at WALK.vhd(32)
Info (10041): Inferred latch for "snake[41][5]" at WALK.vhd(32)
Info (10041): Inferred latch for "snake[41][6]" at WALK.vhd(32)
Info (10041): Inferred latch for "snake[41][7]" at WALK.vhd(32)
Info (10041): Inferred latch for "snake[40][0]" at WALK.vhd(32)
Info (10041): Inferred latch for "snake[40][1]" at WALK.vhd(32)
Info (10041): Inferred latch for "snake[40][2]" at WALK.vhd(32)
Info (10041): Inferred latch for "snake[40][3]" at WALK.vhd(32)
Info (10041): Inferred latch for "snake[40][4]" at WALK.vhd(32)
Info (10041): Inferred latch for "snake[40][5]" at WALK.vhd(32)
Info (10041): Inferred latch for "snake[40][6]" at WALK.vhd(32)
Info (10041): Inferred latch for "snake[40][7]" at WALK.vhd(32)
Info (10041): Inferred latch for "snake[39][0]" at WALK.vhd(32)
Info (10041): Inferred latch for "snake[39][1]" at WALK.vhd(32)
Info (10041): Inferred latch for "snake[39][2]" at WALK.vhd(32)
Info (10041): Inferred latch for "snake[39][3]" at WALK.vhd(32)
Info (10041): Inferred latch for "snake[39][4]" at WALK.vhd(32)
Info (10041): Inferred latch for "snake[39][5]" at WALK.vhd(32)
Info (10041): Inferred latch for "snake[39][6]" at WALK.vhd(32)
Info (10041): Inferred latch for "snake[39][7]" at WALK.vhd(32)
Info (10041): Inferred latch for "snake[38][0]" at WALK.vhd(32)
Info (10041): Inferred latch for "snake[38][1]" at WALK.vhd(32)
Info (10041): Inferred latch for "snake[38][2]" at WALK.vhd(32)
Info (10041): Inferred latch for "snake[38][3]" at WALK.vhd(32)
Info (10041): Inferred latch for "snake[38][4]" at WALK.vhd(32)
Info (10041): Inferred latch for "snake[38][5]" at WALK.vhd(32)
Info (10041): Inferred latch for "snake[38][6]" at WALK.vhd(32)
Info (10041): Inferred latch for "snake[38][7]" at WALK.vhd(32)
Info (10041): Inferred latch for "snake[37][0]" at WALK.vhd(32)
Info (10041): Inferred latch for "snake[37][1]" at WALK.vhd(32)
Info (10041): Inferred latch for "snake[37][2]" at WALK.vhd(32)
Info (10041): Inferred latch for "snake[37][3]" at WALK.vhd(32)
Info (10041): Inferred latch for "snake[37][4]" at WALK.vhd(32)
Info (10041): Inferred latch for "snake[37][5]" at WALK.vhd(32)
Info (10041): Inferred latch for "snake[37][6]" at WALK.vhd(32)
Info (10041): Inferred latch for "snake[37][7]" at WALK.vhd(32)
Info (10041): Inferred latch for "snake[36][0]" at WALK.vhd(32)
Info (10041): Inferred latch for "snake[36][1]" at WALK.vhd(32)
Info (10041): Inferred latch for "snake[36][2]" at WALK.vhd(32)
Info (10041): Inferred latch for "snake[36][3]" at WALK.vhd(32)
Info (10041): Inferred latch for "snake[36][4]" at WALK.vhd(32)
Info (10041): Inferred latch for "snake[36][5]" at WALK.vhd(32)
Info (10041): Inferred latch for "snake[36][6]" at WALK.vhd(32)
Info (10041): Inferred latch for "snake[36][7]" at WALK.vhd(32)
Info (10041): Inferred latch for "snake[35][0]" at WALK.vhd(32)
Info (10041): Inferred latch for "snake[35][1]" at WALK.vhd(32)
Info (10041): Inferred latch for "snake[35][2]" at WALK.vhd(32)
Info (10041): Inferred latch for "snake[35][3]" at WALK.vhd(32)
Info (10041): Inferred latch for "snake[35][4]" at WALK.vhd(32)
Info (10041): Inferred latch for "snake[35][5]" at WALK.vhd(32)
Info (10041): Inferred latch for "snake[35][6]" at WALK.vhd(32)
Info (10041): Inferred latch for "snake[35][7]" at WALK.vhd(32)
Info (10041): Inferred latch for "snake[34][0]" at WALK.vhd(32)
Info (10041): Inferred latch for "snake[34][1]" at WALK.vhd(32)
Info (10041): Inferred latch for "snake[34][2]" at WALK.vhd(32)
Info (10041): Inferred latch for "snake[34][3]" at WALK.vhd(32)
Info (10041): Inferred latch for "snake[34][4]" at WALK.vhd(32)
Info (10041): Inferred latch for "snake[34][5]" at WALK.vhd(32)
Info (10041): Inferred latch for "snake[34][6]" at WALK.vhd(32)
Info (10041): Inferred latch for "snake[34][7]" at WALK.vhd(32)
Info (10041): Inferred latch for "snake[33][0]" at WALK.vhd(32)
Info (10041): Inferred latch for "snake[33][1]" at WALK.vhd(32)
Info (10041): Inferred latch for "snake[33][2]" at WALK.vhd(32)
Info (10041): Inferred latch for "snake[33][3]" at WALK.vhd(32)
Info (10041): Inferred latch for "snake[33][4]" at WALK.vhd(32)
Info (10041): Inferred latch for "snake[33][5]" at WALK.vhd(32)
Info (10041): Inferred latch for "snake[33][6]" at WALK.vhd(32)
Info (10041): Inferred latch for "snake[33][7]" at WALK.vhd(32)
Info (10041): Inferred latch for "snake[32][0]" at WALK.vhd(32)
Info (10041): Inferred latch for "snake[32][1]" at WALK.vhd(32)
Info (10041): Inferred latch for "snake[32][2]" at WALK.vhd(32)
Info (10041): Inferred latch for "snake[32][3]" at WALK.vhd(32)
Info (10041): Inferred latch for "snake[32][4]" at WALK.vhd(32)
Info (10041): Inferred latch for "snake[32][5]" at WALK.vhd(32)
Info (10041): Inferred latch for "snake[32][6]" at WALK.vhd(32)
Info (10041): Inferred latch for "snake[32][7]" at WALK.vhd(32)
Info (10041): Inferred latch for "snake[31][0]" at WALK.vhd(32)
Info (10041): Inferred latch for "snake[31][1]" at WALK.vhd(32)
Info (10041): Inferred latch for "snake[31][2]" at WALK.vhd(32)
Info (10041): Inferred latch for "snake[31][3]" at WALK.vhd(32)
Info (10041): Inferred latch for "snake[31][4]" at WALK.vhd(32)
Info (10041): Inferred latch for "snake[31][5]" at WALK.vhd(32)
Info (10041): Inferred latch for "snake[31][6]" at WALK.vhd(32)
Info (10041): Inferred latch for "snake[31][7]" at WALK.vhd(32)
Info (10041): Inferred latch for "snake[30][0]" at WALK.vhd(32)
Info (10041): Inferred latch for "snake[30][1]" at WALK.vhd(32)
Info (10041): Inferred latch for "snake[30][2]" at WALK.vhd(32)
Info (10041): Inferred latch for "snake[30][3]" at WALK.vhd(32)
Info (10041): Inferred latch for "snake[30][4]" at WALK.vhd(32)
Info (10041): Inferred latch for "snake[30][5]" at WALK.vhd(32)
Info (10041): Inferred latch for "snake[30][6]" at WALK.vhd(32)
Info (10041): Inferred latch for "snake[30][7]" at WALK.vhd(32)
Info (10041): Inferred latch for "snake[29][0]" at WALK.vhd(32)
Info (10041): Inferred latch for "snake[29][1]" at WALK.vhd(32)
Info (10041): Inferred latch for "snake[29][2]" at WALK.vhd(32)
Info (10041): Inferred latch for "snake[29][3]" at WALK.vhd(32)
Info (10041): Inferred latch for "snake[29][4]" at WALK.vhd(32)
Info (10041): Inferred latch for "snake[29][5]" at WALK.vhd(32)
Info (10041): Inferred latch for "snake[29][6]" at WALK.vhd(32)
Info (10041): Inferred latch for "snake[29][7]" at WALK.vhd(32)
Info (10041): Inferred latch for "snake[28][0]" at WALK.vhd(32)
Info (10041): Inferred latch for "snake[28][1]" at WALK.vhd(32)
Info (10041): Inferred latch for "snake[28][2]" at WALK.vhd(32)
Info (10041): Inferred latch for "snake[28][3]" at WALK.vhd(32)
Info (10041): Inferred latch for "snake[28][4]" at WALK.vhd(32)
Info (10041): Inferred latch for "snake[28][5]" at WALK.vhd(32)
Info (10041): Inferred latch for "snake[28][6]" at WALK.vhd(32)
Info (10041): Inferred latch for "snake[28][7]" at WALK.vhd(32)
Info (10041): Inferred latch for "snake[27][0]" at WALK.vhd(32)
Info (10041): Inferred latch for "snake[27][1]" at WALK.vhd(32)
Info (10041): Inferred latch for "snake[27][2]" at WALK.vhd(32)
Info (10041): Inferred latch for "snake[27][3]" at WALK.vhd(32)
Info (10041): Inferred latch for "snake[27][4]" at WALK.vhd(32)
Info (10041): Inferred latch for "snake[27][5]" at WALK.vhd(32)
Info (10041): Inferred latch for "snake[27][6]" at WALK.vhd(32)
Info (10041): Inferred latch for "snake[27][7]" at WALK.vhd(32)
Info (10041): Inferred latch for "snake[26][0]" at WALK.vhd(32)
Info (10041): Inferred latch for "snake[26][1]" at WALK.vhd(32)
Info (10041): Inferred latch for "snake[26][2]" at WALK.vhd(32)
Info (10041): Inferred latch for "snake[26][3]" at WALK.vhd(32)
Info (10041): Inferred latch for "snake[26][4]" at WALK.vhd(32)
Info (10041): Inferred latch for "snake[26][5]" at WALK.vhd(32)
Info (10041): Inferred latch for "snake[26][6]" at WALK.vhd(32)
Info (10041): Inferred latch for "snake[26][7]" at WALK.vhd(32)
Info (10041): Inferred latch for "snake[25][0]" at WALK.vhd(32)
Info (10041): Inferred latch for "snake[25][1]" at WALK.vhd(32)
Info (10041): Inferred latch for "snake[25][2]" at WALK.vhd(32)
Info (10041): Inferred latch for "snake[25][3]" at WALK.vhd(32)
Info (10041): Inferred latch for "snake[25][4]" at WALK.vhd(32)
Info (10041): Inferred latch for "snake[25][5]" at WALK.vhd(32)
Info (10041): Inferred latch for "snake[25][6]" at WALK.vhd(32)
Info (10041): Inferred latch for "snake[25][7]" at WALK.vhd(32)
Info (10041): Inferred latch for "snake[24][0]" at WALK.vhd(32)
Info (10041): Inferred latch for "snake[24][1]" at WALK.vhd(32)
Info (10041): Inferred latch for "snake[24][2]" at WALK.vhd(32)
Info (10041): Inferred latch for "snake[24][3]" at WALK.vhd(32)
Info (10041): Inferred latch for "snake[24][4]" at WALK.vhd(32)
Info (10041): Inferred latch for "snake[24][5]" at WALK.vhd(32)
Info (10041): Inferred latch for "snake[24][6]" at WALK.vhd(32)
Info (10041): Inferred latch for "snake[24][7]" at WALK.vhd(32)
Info (10041): Inferred latch for "snake[23][0]" at WALK.vhd(32)
Info (10041): Inferred latch for "snake[23][1]" at WALK.vhd(32)
Info (10041): Inferred latch for "snake[23][2]" at WALK.vhd(32)
Info (10041): Inferred latch for "snake[23][3]" at WALK.vhd(32)
Info (10041): Inferred latch for "snake[23][4]" at WALK.vhd(32)
Info (10041): Inferred latch for "snake[23][5]" at WALK.vhd(32)
Info (10041): Inferred latch for "snake[23][6]" at WALK.vhd(32)
Info (10041): Inferred latch for "snake[23][7]" at WALK.vhd(32)
Info (10041): Inferred latch for "snake[22][0]" at WALK.vhd(32)
Info (10041): Inferred latch for "snake[22][1]" at WALK.vhd(32)
Info (10041): Inferred latch for "snake[22][2]" at WALK.vhd(32)
Info (10041): Inferred latch for "snake[22][3]" at WALK.vhd(32)
Info (10041): Inferred latch for "snake[22][4]" at WALK.vhd(32)
Info (10041): Inferred latch for "snake[22][5]" at WALK.vhd(32)
Info (10041): Inferred latch for "snake[22][6]" at WALK.vhd(32)
Info (10041): Inferred latch for "snake[22][7]" at WALK.vhd(32)
Info (10041): Inferred latch for "snake[21][0]" at WALK.vhd(32)
Info (10041): Inferred latch for "snake[21][1]" at WALK.vhd(32)
Info (10041): Inferred latch for "snake[21][2]" at WALK.vhd(32)
Info (10041): Inferred latch for "snake[21][3]" at WALK.vhd(32)
Info (10041): Inferred latch for "snake[21][4]" at WALK.vhd(32)
Info (10041): Inferred latch for "snake[21][5]" at WALK.vhd(32)
Info (10041): Inferred latch for "snake[21][6]" at WALK.vhd(32)
Info (10041): Inferred latch for "snake[21][7]" at WALK.vhd(32)
Info (10041): Inferred latch for "snake[20][0]" at WALK.vhd(32)
Info (10041): Inferred latch for "snake[20][1]" at WALK.vhd(32)
Info (10041): Inferred latch for "snake[20][2]" at WALK.vhd(32)
Info (10041): Inferred latch for "snake[20][3]" at WALK.vhd(32)
Info (10041): Inferred latch for "snake[20][4]" at WALK.vhd(32)
Info (10041): Inferred latch for "snake[20][5]" at WALK.vhd(32)
Info (10041): Inferred latch for "snake[20][6]" at WALK.vhd(32)
Info (10041): Inferred latch for "snake[20][7]" at WALK.vhd(32)
Info (10041): Inferred latch for "snake[19][0]" at WALK.vhd(32)
Info (10041): Inferred latch for "snake[19][1]" at WALK.vhd(32)
Info (10041): Inferred latch for "snake[19][2]" at WALK.vhd(32)
Info (10041): Inferred latch for "snake[19][3]" at WALK.vhd(32)
Info (10041): Inferred latch for "snake[19][4]" at WALK.vhd(32)
Info (10041): Inferred latch for "snake[19][5]" at WALK.vhd(32)
Info (10041): Inferred latch for "snake[19][6]" at WALK.vhd(32)
Info (10041): Inferred latch for "snake[19][7]" at WALK.vhd(32)
Info (10041): Inferred latch for "snake[18][0]" at WALK.vhd(32)
Info (10041): Inferred latch for "snake[18][1]" at WALK.vhd(32)
Info (10041): Inferred latch for "snake[18][2]" at WALK.vhd(32)
Info (10041): Inferred latch for "snake[18][3]" at WALK.vhd(32)
Info (10041): Inferred latch for "snake[18][4]" at WALK.vhd(32)
Info (10041): Inferred latch for "snake[18][5]" at WALK.vhd(32)
Info (10041): Inferred latch for "snake[18][6]" at WALK.vhd(32)
Info (10041): Inferred latch for "snake[18][7]" at WALK.vhd(32)
Info (10041): Inferred latch for "snake[17][0]" at WALK.vhd(32)
Info (10041): Inferred latch for "snake[17][1]" at WALK.vhd(32)
Info (10041): Inferred latch for "snake[17][2]" at WALK.vhd(32)
Info (10041): Inferred latch for "snake[17][3]" at WALK.vhd(32)
Info (10041): Inferred latch for "snake[17][4]" at WALK.vhd(32)
Info (10041): Inferred latch for "snake[17][5]" at WALK.vhd(32)
Info (10041): Inferred latch for "snake[17][6]" at WALK.vhd(32)
Info (10041): Inferred latch for "snake[17][7]" at WALK.vhd(32)
Info (10041): Inferred latch for "snake[16][0]" at WALK.vhd(32)
Info (10041): Inferred latch for "snake[16][1]" at WALK.vhd(32)
Info (10041): Inferred latch for "snake[16][2]" at WALK.vhd(32)
Info (10041): Inferred latch for "snake[16][3]" at WALK.vhd(32)
Info (10041): Inferred latch for "snake[16][4]" at WALK.vhd(32)
Info (10041): Inferred latch for "snake[16][5]" at WALK.vhd(32)
Info (10041): Inferred latch for "snake[16][6]" at WALK.vhd(32)
Info (10041): Inferred latch for "snake[16][7]" at WALK.vhd(32)
Info (10041): Inferred latch for "snake[15][0]" at WALK.vhd(32)
Info (10041): Inferred latch for "snake[15][1]" at WALK.vhd(32)
Info (10041): Inferred latch for "snake[15][2]" at WALK.vhd(32)
Info (10041): Inferred latch for "snake[15][3]" at WALK.vhd(32)
Info (10041): Inferred latch for "snake[15][4]" at WALK.vhd(32)
Info (10041): Inferred latch for "snake[15][5]" at WALK.vhd(32)
Info (10041): Inferred latch for "snake[15][6]" at WALK.vhd(32)
Info (10041): Inferred latch for "snake[15][7]" at WALK.vhd(32)
Info (10041): Inferred latch for "snake[14][0]" at WALK.vhd(32)
Info (10041): Inferred latch for "snake[14][1]" at WALK.vhd(32)
Info (10041): Inferred latch for "snake[14][2]" at WALK.vhd(32)
Info (10041): Inferred latch for "snake[14][3]" at WALK.vhd(32)
Info (10041): Inferred latch for "snake[14][4]" at WALK.vhd(32)
Info (10041): Inferred latch for "snake[14][5]" at WALK.vhd(32)
Info (10041): Inferred latch for "snake[14][6]" at WALK.vhd(32)
Info (10041): Inferred latch for "snake[14][7]" at WALK.vhd(32)
Info (10041): Inferred latch for "snake[13][0]" at WALK.vhd(32)
Info (10041): Inferred latch for "snake[13][1]" at WALK.vhd(32)
Info (10041): Inferred latch for "snake[13][2]" at WALK.vhd(32)
Info (10041): Inferred latch for "snake[13][3]" at WALK.vhd(32)
Info (10041): Inferred latch for "snake[13][4]" at WALK.vhd(32)
Info (10041): Inferred latch for "snake[13][5]" at WALK.vhd(32)
Info (10041): Inferred latch for "snake[13][6]" at WALK.vhd(32)
Info (10041): Inferred latch for "snake[13][7]" at WALK.vhd(32)
Info (10041): Inferred latch for "snake[12][0]" at WALK.vhd(32)
Info (10041): Inferred latch for "snake[12][1]" at WALK.vhd(32)
Info (10041): Inferred latch for "snake[12][2]" at WALK.vhd(32)
Info (10041): Inferred latch for "snake[12][3]" at WALK.vhd(32)
Info (10041): Inferred latch for "snake[12][4]" at WALK.vhd(32)
Info (10041): Inferred latch for "snake[12][5]" at WALK.vhd(32)
Info (10041): Inferred latch for "snake[12][6]" at WALK.vhd(32)
Info (10041): Inferred latch for "snake[12][7]" at WALK.vhd(32)
Info (10041): Inferred latch for "snake[11][0]" at WALK.vhd(32)
Info (10041): Inferred latch for "snake[11][1]" at WALK.vhd(32)
Info (10041): Inferred latch for "snake[11][2]" at WALK.vhd(32)
Info (10041): Inferred latch for "snake[11][3]" at WALK.vhd(32)
Info (10041): Inferred latch for "snake[11][4]" at WALK.vhd(32)
Info (10041): Inferred latch for "snake[11][5]" at WALK.vhd(32)
Info (10041): Inferred latch for "snake[11][6]" at WALK.vhd(32)
Info (10041): Inferred latch for "snake[11][7]" at WALK.vhd(32)
Info (10041): Inferred latch for "snake[10][0]" at WALK.vhd(32)
Info (10041): Inferred latch for "snake[10][1]" at WALK.vhd(32)
Info (10041): Inferred latch for "snake[10][2]" at WALK.vhd(32)
Info (10041): Inferred latch for "snake[10][3]" at WALK.vhd(32)
Info (10041): Inferred latch for "snake[10][4]" at WALK.vhd(32)
Info (10041): Inferred latch for "snake[10][5]" at WALK.vhd(32)
Info (10041): Inferred latch for "snake[10][6]" at WALK.vhd(32)
Info (10041): Inferred latch for "snake[10][7]" at WALK.vhd(32)
Info (10041): Inferred latch for "snake[9][0]" at WALK.vhd(32)
Info (10041): Inferred latch for "snake[9][1]" at WALK.vhd(32)
Info (10041): Inferred latch for "snake[9][2]" at WALK.vhd(32)
Info (10041): Inferred latch for "snake[9][3]" at WALK.vhd(32)
Info (10041): Inferred latch for "snake[9][4]" at WALK.vhd(32)
Info (10041): Inferred latch for "snake[9][5]" at WALK.vhd(32)
Info (10041): Inferred latch for "snake[9][6]" at WALK.vhd(32)
Info (10041): Inferred latch for "snake[9][7]" at WALK.vhd(32)
Info (10041): Inferred latch for "snake[8][0]" at WALK.vhd(32)
Info (10041): Inferred latch for "snake[8][1]" at WALK.vhd(32)
Info (10041): Inferred latch for "snake[8][2]" at WALK.vhd(32)
Info (10041): Inferred latch for "snake[8][3]" at WALK.vhd(32)
Info (10041): Inferred latch for "snake[8][4]" at WALK.vhd(32)
Info (10041): Inferred latch for "snake[8][5]" at WALK.vhd(32)
Info (10041): Inferred latch for "snake[8][6]" at WALK.vhd(32)
Info (10041): Inferred latch for "snake[8][7]" at WALK.vhd(32)
Info (10041): Inferred latch for "snake[7][0]" at WALK.vhd(32)
Info (10041): Inferred latch for "snake[7][1]" at WALK.vhd(32)
Info (10041): Inferred latch for "snake[7][2]" at WALK.vhd(32)
Info (10041): Inferred latch for "snake[7][3]" at WALK.vhd(32)
Info (10041): Inferred latch for "snake[7][4]" at WALK.vhd(32)
Info (10041): Inferred latch for "snake[7][5]" at WALK.vhd(32)
Info (10041): Inferred latch for "snake[7][6]" at WALK.vhd(32)
Info (10041): Inferred latch for "snake[7][7]" at WALK.vhd(32)
Info (10041): Inferred latch for "snake[6][0]" at WALK.vhd(32)
Info (10041): Inferred latch for "snake[6][1]" at WALK.vhd(32)
Info (10041): Inferred latch for "snake[6][2]" at WALK.vhd(32)
Info (10041): Inferred latch for "snake[6][3]" at WALK.vhd(32)
Info (10041): Inferred latch for "snake[6][4]" at WALK.vhd(32)
Info (10041): Inferred latch for "snake[6][5]" at WALK.vhd(32)
Info (10041): Inferred latch for "snake[6][6]" at WALK.vhd(32)
Info (10041): Inferred latch for "snake[6][7]" at WALK.vhd(32)
Info (10041): Inferred latch for "snake[5][0]" at WALK.vhd(32)
Info (10041): Inferred latch for "snake[5][1]" at WALK.vhd(32)
Info (10041): Inferred latch for "snake[5][2]" at WALK.vhd(32)
Info (10041): Inferred latch for "snake[5][3]" at WALK.vhd(32)
Info (10041): Inferred latch for "snake[5][4]" at WALK.vhd(32)
Info (10041): Inferred latch for "snake[5][5]" at WALK.vhd(32)
Info (10041): Inferred latch for "snake[5][6]" at WALK.vhd(32)
Info (10041): Inferred latch for "snake[5][7]" at WALK.vhd(32)
Info (10041): Inferred latch for "snake[4][0]" at WALK.vhd(32)
Info (10041): Inferred latch for "snake[4][1]" at WALK.vhd(32)
Info (10041): Inferred latch for "snake[4][2]" at WALK.vhd(32)
Info (10041): Inferred latch for "snake[4][3]" at WALK.vhd(32)
Info (10041): Inferred latch for "snake[4][4]" at WALK.vhd(32)
Info (10041): Inferred latch for "snake[4][5]" at WALK.vhd(32)
Info (10041): Inferred latch for "snake[4][6]" at WALK.vhd(32)
Info (10041): Inferred latch for "snake[4][7]" at WALK.vhd(32)
Info (10041): Inferred latch for "snake[3][0]" at WALK.vhd(32)
Info (10041): Inferred latch for "snake[3][1]" at WALK.vhd(32)
Info (10041): Inferred latch for "snake[3][2]" at WALK.vhd(32)
Info (10041): Inferred latch for "snake[3][3]" at WALK.vhd(32)
Info (10041): Inferred latch for "snake[3][4]" at WALK.vhd(32)
Info (10041): Inferred latch for "snake[3][5]" at WALK.vhd(32)
Info (10041): Inferred latch for "snake[3][6]" at WALK.vhd(32)
Info (10041): Inferred latch for "snake[3][7]" at WALK.vhd(32)
Info (10041): Inferred latch for "snake[2][0]" at WALK.vhd(32)
Info (10041): Inferred latch for "snake[2][1]" at WALK.vhd(32)
Info (10041): Inferred latch for "snake[2][2]" at WALK.vhd(32)
Info (10041): Inferred latch for "snake[2][3]" at WALK.vhd(32)
Info (10041): Inferred latch for "snake[2][4]" at WALK.vhd(32)
Info (10041): Inferred latch for "snake[2][5]" at WALK.vhd(32)
Info (10041): Inferred latch for "snake[2][6]" at WALK.vhd(32)
Info (10041): Inferred latch for "snake[2][7]" at WALK.vhd(32)
Info (10041): Inferred latch for "snake[1][0]" at WALK.vhd(32)
Info (10041): Inferred latch for "snake[1][1]" at WALK.vhd(32)
Info (10041): Inferred latch for "snake[1][2]" at WALK.vhd(32)
Info (10041): Inferred latch for "snake[1][3]" at WALK.vhd(32)
Info (10041): Inferred latch for "snake[1][4]" at WALK.vhd(32)
Info (10041): Inferred latch for "snake[1][5]" at WALK.vhd(32)
Info (10041): Inferred latch for "snake[1][6]" at WALK.vhd(32)
Info (10041): Inferred latch for "snake[1][7]" at WALK.vhd(32)
Info (10041): Inferred latch for "snake[0][0]" at WALK.vhd(32)
Info (10041): Inferred latch for "snake[0][1]" at WALK.vhd(32)
Info (10041): Inferred latch for "snake[0][2]" at WALK.vhd(32)
Info (10041): Inferred latch for "snake[0][3]" at WALK.vhd(32)
Info (10041): Inferred latch for "snake[0][4]" at WALK.vhd(32)
Info (10041): Inferred latch for "snake[0][5]" at WALK.vhd(32)
Info (10041): Inferred latch for "snake[0][6]" at WALK.vhd(32)
Info (10041): Inferred latch for "snake[0][7]" at WALK.vhd(32)
Info (16010): Generating hard_block partition "hard_block:auto_generated_inst"
    Info (16011): Adding 0 node(s), including 0 DDIO, 0 PLL, 0 transceiver and 0 LCELL
Warning (21074): Design contains 12 input pin(s) that do not drive logic
    Warning (15610): No output dependent on input pin "RESET"
    Warning (15610): No output dependent on input pin "WALK_S"
    Warning (15610): No output dependent on input pin "GROW_S"
    Warning (15610): No output dependent on input pin "snake_size[0]"
    Warning (15610): No output dependent on input pin "snake_size[1]"
    Warning (15610): No output dependent on input pin "snake_size[2]"
    Warning (15610): No output dependent on input pin "snake_size[3]"
    Warning (15610): No output dependent on input pin "snake_size[4]"
    Warning (15610): No output dependent on input pin "snake_size[5]"
    Warning (15610): No output dependent on input pin "snake_size[6]"
    Warning (15610): No output dependent on input pin "dir[0]"
    Warning (15610): No output dependent on input pin "dir[1]"
Info (21057): Implemented 12 device resources after synthesis - the final resource count might be different
    Info (21058): Implemented 12 input pins
    Info (21059): Implemented 0 output pins
Info: Quartus II 64-Bit Analysis & Synthesis was successful. 0 errors, 27 warnings
    Info: Peak virtual memory: 635 megabytes
    Info: Processing ended: Mon Jun 27 16:56:57 2016
    Info: Elapsed time: 00:00:02
    Info: Total CPU time (on all processors): 00:00:02


